Flow report for tarea3
Tue Mar 09 22:05:55 2021
Quartus Prime Version 18.0.0 Build 614 04/24/2018 SJ Lite Edition


---------------------
; Table of Contents ;
---------------------
  1. Legal Notice
  2. Flow Summary
  3. Flow Settings
  4. Flow Non-Default Global Settings
  5. Flow Elapsed Time
  6. Flow OS Summary
  7. Flow Log
  8. Flow Messages
  9. Flow Suppressed Messages



----------------
; Legal Notice ;
----------------
Copyright (C) 2018  Intel Corporation. All rights reserved.
Your use of Intel Corporation's design tools, logic functions 
and other software and tools, and its AMPP partner logic 
functions, and any output files from any of the foregoing 
(including device programming or simulation files), and any 
associated documentation or information are expressly subject 
to the terms and conditions of the Intel Program License 
Subscription Agreement, the Intel Quartus Prime License Agreement,
the Intel FPGA IP License Agreement, or other applicable license
agreement, including, without limitation, that your use is for
the sole purpose of programming logic devices manufactured by
Intel and sold by Intel or its authorized distributors.  Please
refer to the applicable agreement for further details.



+----------------------------------------------------------------------------------+
; Flow Summary                                                                     ;
+------------------------------------+---------------------------------------------+
; Flow Status                        ; Successful - Tue Mar 09 22:05:55 2021       ;
; Quartus Prime Version              ; 18.0.0 Build 614 04/24/2018 SJ Lite Edition ;
; Revision Name                      ; tarea3                                      ;
; Top-level Entity Name              ; tarea3                                      ;
; Family                             ; MAX 10                                      ;
; Device                             ; 10M50DAF484C7G                              ;
; Timing Models                      ; Final                                       ;
; Total logic elements               ; 2 / 49,760 ( < 1 % )                        ;
;     Total combinational functions  ; 2 / 49,760 ( < 1 % )                        ;
;     Dedicated logic registers      ; 0 / 49,760 ( 0 % )                          ;
; Total registers                    ; 0                                           ;
; Total pins                         ; 3 / 360 ( < 1 % )                           ;
; Total virtual pins                 ; 0                                           ;
; Total memory bits                  ; 0 / 1,677,312 ( 0 % )                       ;
; Embedded Multiplier 9-bit elements ; 0 / 288 ( 0 % )                             ;
; Total PLLs                         ; 0 / 4 ( 0 % )                               ;
; UFM blocks                         ; 0 / 1 ( 0 % )                               ;
; ADC blocks                         ; 0 / 2 ( 0 % )                               ;
+------------------------------------+---------------------------------------------+


+-----------------------------------------+
; Flow Settings                           ;
+-------------------+---------------------+
; Option            ; Setting             ;
+-------------------+---------------------+
; Start date & time ; 03/07/2021 15:58:05 ;
; Main task         ; Compilation         ;
; Revision Name     ; tarea3              ;
+-------------------+---------------------+


+-------------------------------------------------------------------------------------------------------------------------+
; Flow Non-Default Global Settings                                                                                        ;
+-------------------------------------+----------------------------------------+---------------+-------------+------------+
; Assignment Name                     ; Value                                  ; Default Value ; Entity Name ; Section Id ;
+-------------------------------------+----------------------------------------+---------------+-------------+------------+
; COMPILER_SIGNATURE_ID               ; 39908807777356.161515428408604         ; --            ; --          ; --         ;
; MAX_CORE_JUNCTION_TEMP              ; 85                                     ; --            ; --          ; --         ;
; MIN_CORE_JUNCTION_TEMP              ; 0                                      ; --            ; --          ; --         ;
; PARTITION_COLOR                     ; -- (Not supported for targeted family) ; --            ; --          ; Top        ;
; PARTITION_FITTER_PRESERVATION_LEVEL ; -- (Not supported for targeted family) ; --            ; --          ; Top        ;
; PARTITION_NETLIST_TYPE              ; -- (Not supported for targeted family) ; --            ; --          ; Top        ;
; PROJECT_OUTPUT_DIRECTORY            ; output_files                           ; --            ; --          ; --         ;
+-------------------------------------+----------------------------------------+---------------+-------------+------------+


+--------------------------------------------------------------------------------------------------------------------------+
; Flow Elapsed Time                                                                                                        ;
+----------------------+--------------+-------------------------+---------------------+------------------------------------+
; Module Name          ; Elapsed Time ; Average Processors Used ; Peak Virtual Memory ; Total CPU Time (on all processors) ;
+----------------------+--------------+-------------------------+---------------------+------------------------------------+
; Analysis & Synthesis ; 00:00:10     ; 1.0                     ; 4801 MB             ; 00:00:17                           ;
; Fitter               ; 00:00:10     ; 1.0                     ; 6191 MB             ; 00:00:09                           ;
; Assembler            ; 00:00:03     ; 1.0                     ; 4675 MB             ; 00:00:03                           ;
; Timing Analyzer      ; 00:00:03     ; 1.0                     ; 4890 MB             ; 00:00:03                           ;
; EDA Netlist Writer   ; 00:00:01     ; 1.0                     ; 4625 MB             ; 00:00:01                           ;
; EDA Netlist Writer   ; 00:00:01     ; 1.0                     ; 4633 MB             ; 00:00:01                           ;
; EDA Netlist Writer   ; 00:00:01     ; 1.0                     ; 4624 MB             ; 00:00:00                           ;
; EDA Netlist Writer   ; 00:00:00     ; 1.0                     ; 4633 MB             ; 00:00:00                           ;
; EDA Netlist Writer   ; 00:00:01     ; 1.0                     ; 4624 MB             ; 00:00:00                           ;
; EDA Netlist Writer   ; 00:00:01     ; 1.0                     ; 4633 MB             ; 00:00:00                           ;
; EDA Netlist Writer   ; 00:00:00     ; 1.0                     ; 4624 MB             ; 00:00:00                           ;
; EDA Netlist Writer   ; 00:00:01     ; 1.0                     ; 4633 MB             ; 00:00:00                           ;
; EDA Netlist Writer   ; 00:00:01     ; 1.0                     ; 4624 MB             ; 00:00:00                           ;
; EDA Netlist Writer   ; 00:00:01     ; 1.0                     ; 4633 MB             ; 00:00:01                           ;
; EDA Netlist Writer   ; 00:00:01     ; 1.0                     ; 4624 MB             ; 00:00:00                           ;
; EDA Netlist Writer   ; 00:00:00     ; 1.0                     ; 4633 MB             ; 00:00:00                           ;
; EDA Netlist Writer   ; 00:00:00     ; 1.0                     ; 4624 MB             ; 00:00:00                           ;
; EDA Netlist Writer   ; 00:00:00     ; 1.0                     ; 4633 MB             ; 00:00:00                           ;
; EDA Netlist Writer   ; 00:00:00     ; 1.0                     ; 4624 MB             ; 00:00:00                           ;
; EDA Netlist Writer   ; 00:00:00     ; 1.0                     ; 4633 MB             ; 00:00:00                           ;
; EDA Netlist Writer   ; 00:00:00     ; 1.0                     ; 4624 MB             ; 00:00:00                           ;
; EDA Netlist Writer   ; 00:00:00     ; 1.0                     ; 4633 MB             ; 00:00:00                           ;
; EDA Netlist Writer   ; 00:00:00     ; 1.0                     ; 4624 MB             ; 00:00:01                           ;
; EDA Netlist Writer   ; 00:00:00     ; 1.0                     ; 4633 MB             ; 00:00:00                           ;
; EDA Netlist Writer   ; 00:00:00     ; 1.0                     ; 4624 MB             ; 00:00:00                           ;
; EDA Netlist Writer   ; 00:00:00     ; 1.0                     ; 4633 MB             ; 00:00:00                           ;
; Total                ; 00:00:35     ; --                      ; --                  ; 00:00:36                           ;
+----------------------+--------------+-------------------------+---------------------+------------------------------------+


+------------------------------------------------------------------------------------+
; Flow OS Summary                                                                    ;
+----------------------+------------------+------------+------------+----------------+
; Module Name          ; Machine Hostname ; OS Name    ; OS Version ; Processor type ;
+----------------------+------------------+------------+------------+----------------+
; Analysis & Synthesis ; DESKTOP-JS20K3S  ; Windows 10 ; 10.0       ; x86_64         ;
; Fitter               ; DESKTOP-JS20K3S  ; Windows 10 ; 10.0       ; x86_64         ;
; Assembler            ; DESKTOP-JS20K3S  ; Windows 10 ; 10.0       ; x86_64         ;
; Timing Analyzer      ; DESKTOP-JS20K3S  ; Windows 10 ; 10.0       ; x86_64         ;
; EDA Netlist Writer   ; DESKTOP-JS20K3S  ; Windows 10 ; 10.0       ; x86_64         ;
; EDA Netlist Writer   ; DESKTOP-JS20K3S  ; Windows 10 ; 10.0       ; x86_64         ;
; EDA Netlist Writer   ; DESKTOP-JS20K3S  ; Windows 10 ; 10.0       ; x86_64         ;
; EDA Netlist Writer   ; DESKTOP-JS20K3S  ; Windows 10 ; 10.0       ; x86_64         ;
; EDA Netlist Writer   ; DESKTOP-JS20K3S  ; Windows 10 ; 10.0       ; x86_64         ;
; EDA Netlist Writer   ; DESKTOP-JS20K3S  ; Windows 10 ; 10.0       ; x86_64         ;
; EDA Netlist Writer   ; DESKTOP-JS20K3S  ; Windows 10 ; 10.0       ; x86_64         ;
; EDA Netlist Writer   ; DESKTOP-JS20K3S  ; Windows 10 ; 10.0       ; x86_64         ;
; EDA Netlist Writer   ; DESKTOP-JS20K3S  ; Windows 10 ; 10.0       ; x86_64         ;
; EDA Netlist Writer   ; DESKTOP-JS20K3S  ; Windows 10 ; 10.0       ; x86_64         ;
; EDA Netlist Writer   ; DESKTOP-JS20K3S  ; Windows 10 ; 10.0       ; x86_64         ;
; EDA Netlist Writer   ; DESKTOP-JS20K3S  ; Windows 10 ; 10.0       ; x86_64         ;
; EDA Netlist Writer   ; DESKTOP-JS20K3S  ; Windows 10 ; 10.0       ; x86_64         ;
; EDA Netlist Writer   ; DESKTOP-JS20K3S  ; Windows 10 ; 10.0       ; x86_64         ;
; EDA Netlist Writer   ; DESKTOP-JS20K3S  ; Windows 10 ; 10.0       ; x86_64         ;
; EDA Netlist Writer   ; DESKTOP-JS20K3S  ; Windows 10 ; 10.0       ; x86_64         ;
; EDA Netlist Writer   ; DESKTOP-JS20K3S  ; Windows 10 ; 10.0       ; x86_64         ;
; EDA Netlist Writer   ; DESKTOP-JS20K3S  ; Windows 10 ; 10.0       ; x86_64         ;
; EDA Netlist Writer   ; DESKTOP-JS20K3S  ; Windows 10 ; 10.0       ; x86_64         ;
; EDA Netlist Writer   ; DESKTOP-JS20K3S  ; Windows 10 ; 10.0       ; x86_64         ;
; EDA Netlist Writer   ; DESKTOP-JS20K3S  ; Windows 10 ; 10.0       ; x86_64         ;
; EDA Netlist Writer   ; DESKTOP-JS20K3S  ; Windows 10 ; 10.0       ; x86_64         ;
+----------------------+------------------+------------+------------+----------------+


------------
; Flow Log ;
------------
quartus_map --read_settings_files=on --write_settings_files=off tarea3 -c tarea3
quartus_fit --read_settings_files=off --write_settings_files=off tarea3 -c tarea3
quartus_asm --read_settings_files=off --write_settings_files=off tarea3 -c tarea3
quartus_sta tarea3 -c tarea3
quartus_eda --gen_testbench --tool=modelsim_oem --format=vhdl --write_settings_files=off tarea3 -c tarea3 --vector_source=C:/Users/msm_0/Desktop/QUARTUS-TAREAS/Waveform.vwf --testbench_file=C:/Users/msm_0/Desktop/QUARTUS-TAREAS/simulation/qsim/Waveform.vwf.vht
quartus_eda --write_settings_files=off --simulation=on --functional=on --flatten_buses=off --tool=modelsim_oem --format=vhdl --output_directory=C:/Users/msm_0/Desktop/QUARTUS-TAREAS/simulation/qsim/ tarea3 -c tarea3
quartus_eda --gen_testbench --tool=modelsim_oem --format=vhdl --write_settings_files=off tarea3 -c tarea3 --vector_source=C:/Users/msm_0/Desktop/QUARTUS-TAREAS/Waveform.vwf --testbench_file=C:/Users/msm_0/Desktop/QUARTUS-TAREAS/simulation/qsim/Waveform.vwf.vht
quartus_eda --write_settings_files=off --simulation=on --functional=on --flatten_buses=off --tool=modelsim_oem --format=vhdl --output_directory=C:/Users/msm_0/Desktop/QUARTUS-TAREAS/simulation/qsim/ tarea3 -c tarea3
quartus_eda --gen_testbench --tool=modelsim_oem --format=vhdl --write_settings_files=off tarea3 -c tarea3 --vector_source=C:/Users/msm_0/Desktop/QUARTUS-TAREAS/Waveform1.vwf --testbench_file=C:/Users/msm_0/Desktop/QUARTUS-TAREAS/simulation/qsim/Waveform1.vwf.vht
quartus_eda --write_settings_files=off --simulation=on --functional=on --flatten_buses=off --tool=modelsim_oem --format=vhdl --output_directory=C:/Users/msm_0/Desktop/QUARTUS-TAREAS/simulation/qsim/ tarea3 -c tarea3
quartus_eda --gen_testbench --tool=modelsim_oem --format=vhdl --write_settings_files=off tarea3 -c tarea3 --vector_source=C:/Users/msm_0/Desktop/QUARTUS-TAREAS/Waveform2.vwf --testbench_file=C:/Users/msm_0/Desktop/QUARTUS-TAREAS/simulation/qsim/Waveform2.vwf.vht
quartus_eda --write_settings_files=off --simulation=on --functional=on --flatten_buses=off --tool=modelsim_oem --format=vhdl --output_directory=C:/Users/msm_0/Desktop/QUARTUS-TAREAS/simulation/qsim/ tarea3 -c tarea3
quartus_eda --gen_testbench --tool=modelsim_oem --format=vhdl --write_settings_files=off tarea3 -c tarea3 --vector_source=C:/Users/msm_0/Desktop/QUARTUS-TAREAS/Waveform3.vwf --testbench_file=C:/Users/msm_0/Desktop/QUARTUS-TAREAS/simulation/qsim/Waveform3.vwf.vht
quartus_eda --write_settings_files=off --simulation=on --functional=on --flatten_buses=off --tool=modelsim_oem --format=vhdl --output_directory=C:/Users/msm_0/Desktop/QUARTUS-TAREAS/simulation/qsim/ tarea3 -c tarea3
quartus_eda --gen_testbench --tool=modelsim_oem --format=vhdl --write_settings_files=off tarea3 -c tarea3 --vector_source=C:/Users/msm_0/Desktop/QUARTUS-TAREAS/Waveform4.vwf --testbench_file=C:/Users/msm_0/Desktop/QUARTUS-TAREAS/simulation/qsim/Waveform4.vwf.vht
quartus_eda --write_settings_files=off --simulation=on --functional=on --flatten_buses=off --tool=modelsim_oem --format=vhdl --output_directory=C:/Users/msm_0/Desktop/QUARTUS-TAREAS/simulation/qsim/ tarea3 -c tarea3
quartus_eda --gen_testbench --tool=modelsim_oem --format=vhdl --write_settings_files=off tarea3 -c tarea3 --vector_source=C:/Users/msm_0/Desktop/QUARTUS-TAREAS/Waveform5.vwf --testbench_file=C:/Users/msm_0/Desktop/QUARTUS-TAREAS/simulation/qsim/Waveform5.vwf.vht
quartus_eda --write_settings_files=off --simulation=on --functional=on --flatten_buses=off --tool=modelsim_oem --format=vhdl --output_directory=C:/Users/msm_0/Desktop/QUARTUS-TAREAS/simulation/qsim/ tarea3 -c tarea3
quartus_eda --gen_testbench --tool=modelsim_oem --format=vhdl --write_settings_files=off tarea3 -c tarea3 --vector_source=C:/Users/msm_0/Desktop/QUARTUS-TAREAS/Waveform5.vwf --testbench_file=C:/Users/msm_0/Desktop/QUARTUS-TAREAS/simulation/qsim/Waveform5.vwf.vht
quartus_eda --write_settings_files=off --simulation=on --functional=on --flatten_buses=off --tool=modelsim_oem --format=vhdl --output_directory=C:/Users/msm_0/Desktop/QUARTUS-TAREAS/simulation/qsim/ tarea3 -c tarea3
quartus_eda --gen_testbench --tool=modelsim_oem --format=vhdl --write_settings_files=off tarea3 -c tarea3 --vector_source=C:/Users/msm_0/Desktop/QUARTUS-TAREAS/Waveform.vwf --testbench_file=C:/Users/msm_0/Desktop/QUARTUS-TAREAS/simulation/qsim/Waveform.vwf.vht
quartus_eda --write_settings_files=off --simulation=on --functional=on --flatten_buses=off --tool=modelsim_oem --format=vhdl --output_directory=C:/Users/msm_0/Desktop/QUARTUS-TAREAS/simulation/qsim/ tarea3 -c tarea3
quartus_eda --gen_testbench --tool=modelsim_oem --format=vhdl --write_settings_files=off tarea3 -c tarea3 --vector_source=C:/Users/msm_0/Desktop/QUARTUS-TAREAS/Waveform.vwf --testbench_file=C:/Users/msm_0/Desktop/QUARTUS-TAREAS/simulation/qsim/Waveform.vwf.vht
quartus_eda --write_settings_files=off --simulation=on --functional=on --flatten_buses=off --tool=modelsim_oem --format=vhdl --output_directory=C:/Users/msm_0/Desktop/QUARTUS-TAREAS/simulation/qsim/ tarea3 -c tarea3
quartus_eda --gen_testbench --tool=modelsim_oem --format=vhdl --write_settings_files=off tarea3 -c tarea3 --vector_source=C:/Users/msm_0/Desktop/QUARTUS-TAREAS/Waveform.vwf --testbench_file=C:/Users/msm_0/Desktop/QUARTUS-TAREAS/simulation/qsim/Waveform.vwf.vht
quartus_eda --write_settings_files=off --simulation=on --functional=on --flatten_buses=off --tool=modelsim_oem --format=vhdl --output_directory=C:/Users/msm_0/Desktop/QUARTUS-TAREAS/simulation/qsim/ tarea3 -c tarea3



